<?xml version="1.0" encoding="UTF-8"?>
<!-- Generated by org.testng.reporters.JUnitReportReporter -->
<testsuite hostname="DESKTOP-B22BUUO" failures="0" tests="3" name="com.telran.tests.element.ButtonsTest" time="29.418" errors="0" timestamp="2022-11-03T11:40:49 CET" skipped="0">
  <testcase classname="com.telran.tests.element.ButtonsTest" name="doubleClickTest" time="8.133"/>
  <system-out/>
  <testcase classname="com.telran.tests.element.ButtonsTest" name="rightClickTest" time="10.353"/>
  <system-out/>
  <testcase classname="com.telran.tests.element.ButtonsTest" name="clickMeTest" time="10.932"/>
  <system-out/>
</testsuite> <!-- com.telran.tests.element.ButtonsTest -->
