<?xml version="1.0" encoding="UTF-8"?>
<!-- Generated by org.testng.reporters.JUnitReportReporter -->
<testsuite hostname="DESKTOP-B22BUUO" failures="0" tests="2" name="com.telran.tests.bookstore.LoginTests" time="25.662" errors="0" timestamp="2022-11-01T10:30:04 CET" skipped="0">
  <testcase classname="com.telran.tests.bookstore.LoginTests" name="loginPositiveParametersTest" time="12.038"/>
  <system-out/>
  <testcase classname="com.telran.tests.bookstore.LoginTests" name="loginPositiveTest" time="13.624"/>
  <system-out/>
</testsuite> <!-- com.telran.tests.bookstore.LoginTests -->
