<?xml version="1.0" encoding="UTF-8"?>
<!-- Generated by org.testng.reporters.JUnitReportReporter -->
<testsuite hostname="DESKTOP-B22BUUO" failures="0" tests="1" name="com.telran.tests.bookstore.AddBookTests" time="13.474" errors="0" timestamp="2022-11-02T18:26:32 CET" skipped="0">
  <testcase classname="com.telran.tests.bookstore.AddBookTests" name="searchBookForLoginUserPositiveTest" time="13.474"/>
  <system-out/>
</testsuite> <!-- com.telran.tests.bookstore.AddBookTests -->
